<?xml version="1.0" encoding="UTF-8"?>
<testsuite xmlns:xsi="http://www.w3.org/2001/XMLSchema-instance" xsi:noNamespaceSchemaLocation="https://maven.apache.org/surefire/maven-surefire-plugin/xsd/surefire-test-report.xsd" name="firstproject.TestCreateUser" time="0.006" tests="1" errors="0" skipped="0" failures="1">
  <properties>
    <property name="java.specification.version" value="17"/>
    <property name="sun.cpu.isalist" value="amd64"/>
    <property name="sun.jnu.encoding" value="Cp1252"/>
    <property name="java.class.path" value="C:\Software\eclipse_ide_workspace\firstproject\target\test-classes;C:\Software\eclipse_ide_workspace\firstproject\target\classes;C:\Users\KarthikeyanRobert\.m2\repository\org\junit\jupiter\junit-jupiter-api\5.8.2\junit-jupiter-api-5.8.2.jar;C:\Users\KarthikeyanRobert\.m2\repository\org\opentest4j\opentest4j\1.2.0\opentest4j-1.2.0.jar;C:\Users\KarthikeyanRobert\.m2\repository\org\junit\platform\junit-platform-commons\1.8.2\junit-platform-commons-1.8.2.jar;C:\Users\KarthikeyanRobert\.m2\repository\org\apiguardian\apiguardian-api\1.1.2\apiguardian-api-1.1.2.jar;"/>
    <property name="java.vm.vendor" value="Eclipse Adoptium"/>
    <property name="sun.arch.data.model" value="64"/>
    <property name="user.variant" value=""/>
    <property name="java.vendor.url" value="https://adoptium.net/"/>
    <property name="user.timezone" value="Asia/Calcutta"/>
    <property name="os.name" value="Windows 10"/>
    <property name="java.vm.specification.version" value="17"/>
    <property name="sun.java.launcher" value="SUN_STANDARD"/>
    <property name="user.country" value="US"/>
    <property name="sun.boot.library.path" value="C:\Software\plugins\org.eclipse.justj.openjdk.hotspot.jre.full.win32.x86_64_17.0.6.v20230204-1729\jre\bin"/>
    <property name="sun.java.command" value="C:\Users\KARTHI~1\AppData\Local\Temp\surefire2879050184759515959\surefirebooter1853404312701643106.jar C:\Users\KarthikeyanRobert\AppData\Local\Temp\surefire2879050184759515959 2023-07-03T10-52-16_965-jvmRun1 surefire15213566456332839681tmp surefire_014529263504600724045tmp"/>
    <property name="jdk.debug" value="release"/>
    <property name="surefire.test.class.path" value="C:\Software\eclipse_ide_workspace\firstproject\target\test-classes;C:\Software\eclipse_ide_workspace\firstproject\target\classes;C:\Users\KarthikeyanRobert\.m2\repository\org\junit\jupiter\junit-jupiter-api\5.8.2\junit-jupiter-api-5.8.2.jar;C:\Users\KarthikeyanRobert\.m2\repository\org\opentest4j\opentest4j\1.2.0\opentest4j-1.2.0.jar;C:\Users\KarthikeyanRobert\.m2\repository\org\junit\platform\junit-platform-commons\1.8.2\junit-platform-commons-1.8.2.jar;C:\Users\KarthikeyanRobert\.m2\repository\org\apiguardian\apiguardian-api\1.1.2\apiguardian-api-1.1.2.jar;"/>
    <property name="sun.cpu.endian" value="little"/>
    <property name="user.home" value="C:\Users\KarthikeyanRobert"/>
    <property name="user.language" value="en"/>
    <property name="java.specification.vendor" value="Oracle Corporation"/>
    <property name="java.version.date" value="2023-01-17"/>
    <property name="java.home" value="C:\Software\plugins\org.eclipse.justj.openjdk.hotspot.jre.full.win32.x86_64_17.0.6.v20230204-1729\jre"/>
    <property name="file.separator" value="\"/>
    <property name="style.color" value="always"/>
    <property name="basedir" value="C:\Software\eclipse_ide_workspace\firstproject"/>
    <property name="java.vm.compressedOopsMode" value="32-bit"/>
    <property name="line.separator" value="&#10;"/>
    <property name="java.vm.specification.vendor" value="Oracle Corporation"/>
    <property name="java.specification.name" value="Java Platform API Specification"/>
    <property name="surefire.real.class.path" value="C:\Users\KARTHI~1\AppData\Local\Temp\surefire2879050184759515959\surefirebooter1853404312701643106.jar"/>
    <property name="user.script" value=""/>
    <property name="sun.management.compiler" value="HotSpot 64-Bit Tiered Compilers"/>
    <property name="java.runtime.version" value="17.0.6+10"/>
    <property name="user.name" value="KarthikeyanRobert"/>
    <property name="path.separator" value=";"/>
    <property name="os.version" value="10.0"/>
    <property name="java.runtime.name" value="OpenJDK Runtime Environment"/>
    <property name="file.encoding" value="Cp1252"/>
    <property name="java.vm.name" value="OpenJDK 64-Bit Server VM"/>
    <property name="java.vendor.version" value="Temurin-17.0.6+10"/>
    <property name="localRepository" value="C:\Users\KarthikeyanRobert\.m2\repository"/>
    <property name="java.vendor.url.bug" value="https://github.com/adoptium/adoptium-support/issues"/>
    <property name="java.io.tmpdir" value="C:\Users\KARTHI~1\AppData\Local\Temp\"/>
    <property name="java.version" value="17.0.6"/>
    <property name="user.dir" value="C:\Software\eclipse_ide_workspace\firstproject"/>
    <property name="os.arch" value="amd64"/>
    <property name="java.vm.specification.name" value="Java Virtual Machine Specification"/>
    <property name="sun.os.patch.level" value=""/>
    <property name="native.encoding" value="Cp1252"/>
    <property name="java.library.path" value="C:\Software\plugins\org.eclipse.justj.openjdk.hotspot.jre.full.win32.x86_64_17.0.6.v20230204-1729\jre\bin;C:\WINDOWS\Sun\Java\bin;C:\WINDOWS\system32;C:\WINDOWS;C:/Software//plugins/org.eclipse.justj.openjdk.hotspot.jre.full.win32.x86_64_17.0.6.v20230204-1729/jre/bin/server;C:/Software//plugins/org.eclipse.justj.openjdk.hotspot.jre.full.win32.x86_64_17.0.6.v20230204-1729/jre/bin;C:\Program Files\Common Files\Oracle\Java\javapath;C:\WINDOWS\system32;C:\WINDOWS;C:\WINDOWS\System32\Wbem;C:\WINDOWS\System32\WindowsPowerShell\v1.0\;C:\WINDOWS\System32\OpenSSH\;C:\Program Files\nodejs\;C:\Program Files\Git\cmd;C:\Program Files\Java\jdk-17\bin;C:\Program Files\MySQL\MySQL Shell 8.0\bin\;C:\Users\KarthikeyanRobert\AppData\Local\Microsoft\WindowsApps;C:\Users\KarthikeyanRobert\AppData\Local\GitHubDesktop\bin;C:\Users\KarthikeyanRobert\AppData\Local\Programs\Microsoft VS Code\bin;C:\Software;;."/>
    <property name="java.vm.info" value="mixed mode"/>
    <property name="java.vendor" value="Eclipse Adoptium"/>
    <property name="java.vm.version" value="17.0.6+10"/>
    <property name="sun.io.unicode.encoding" value="UnicodeLittle"/>
    <property name="java.class.version" value="61.0"/>
  </properties>
  <testcase name="firstproject.TestCreateUser.testCreateUserWithValidataInput" classname="firstproject.TestCreateUser" time="0.001">
    <failure message="Unresolved compilation problems: &#10;	Syntax error on token &quot;void&quot;, record expected&#10;	void is an invalid type for the variable testCreateUserWithInvalidataInput&#10;	Syntax error, insert &quot;... VariableDeclaratorId&quot; to complete FormalParameter&#10;	Syntax error, insert &quot;)&quot; to complete ConstructorDeclaration&#10;	Syntax error, insert &quot;;&quot; to complete ConstructorDeclaration&#10;	Syntax error, insert &quot;}&quot; to complete RecordBody&#10;	Syntax error on tokens, delete these tokens&#10;	Syntax error on token &quot;void&quot;, record expected&#10;	Syntax error, insert &quot;... VariableDeclaratorId&quot; to complete FormalParameter&#10;	Syntax error, insert &quot;)&quot; to complete ConstructorDeclaration&#10;	Syntax error, insert &quot;;&quot; to complete ConstructorDeclaration&#10;	Syntax error, insert &quot;}&quot; to complete RecordBody&#10;	Syntax error, insert &quot;)&quot; to complete Expression&#10;	Syntax error, insert &quot;AssignmentOperator Expression&quot; to complete Assignment&#10;	Syntax error, insert &quot;;&quot; to complete Statement&#10;" type="java.lang.Error">java.lang.Error: 
Unresolved compilation problems: 
	Syntax error on token "void", record expected
	void is an invalid type for the variable testCreateUserWithInvalidataInput
	Syntax error, insert "... VariableDeclaratorId" to complete FormalParameter
	Syntax error, insert ")" to complete ConstructorDeclaration
	Syntax error, insert ";" to complete ConstructorDeclaration
	Syntax error, insert "}" to complete RecordBody
	Syntax error on tokens, delete these tokens
	Syntax error on token "void", record expected
	Syntax error, insert "... VariableDeclaratorId" to complete FormalParameter
	Syntax error, insert ")" to complete ConstructorDeclaration
	Syntax error, insert ";" to complete ConstructorDeclaration
	Syntax error, insert "}" to complete RecordBody
	Syntax error, insert ")" to complete Expression
	Syntax error, insert "AssignmentOperator Expression" to complete Assignment
	Syntax error, insert ";" to complete Statement

	at firstproject.TestCreateUser.testCreateUserWithValidataInput(TestCreateUser.java:31)
</failure>
  </testcase>
</testsuite>